  main.cpp
  ofApp.cpp
C:\Users\vince\OneDrive\Desktop\OpenFramwork\libs\openFrameworks\math\ofMatrix4x4.h(326,20): warning C4267: 'argument': conversion from 'size_t' to 'int', possible loss of data
  (compiling source file 'src/ofApp.cpp')
  
C:\Users\vince\OneDrive\Desktop\OpenFramwork\libs\openFrameworks\math\ofMatrix4x4.h(331,20): warning C4267: 'argument': conversion from 'size_t' to 'int', possible loss of data
  (compiling source file 'src/ofApp.cpp')
  
C:\Users\vince\OneDrive\Desktop\OpenFramwork\libs\openFrameworks\math\ofMatrix4x4.h(912,11): warning C4267: 'argument': conversion from 'size_t' to 'int', possible loss of data
  (compiling source file 'src/ofApp.cpp')
  
C:\Users\vince\OneDrive\Desktop\OpenFramwork\libs\openFrameworks\math\ofMatrix4x4.h(913,11): warning C4267: 'argument': conversion from 'size_t' to 'int', possible loss of data
  (compiling source file 'src/ofApp.cpp')
  
C:\Users\vince\OneDrive\Desktop\OpenFramwork\libs\openFrameworks\math\ofMatrix4x4.h(914,11): warning C4267: 'argument': conversion from 'size_t' to 'int', possible loss of data
  (compiling source file 'src/ofApp.cpp')
  
C:\Users\vince\OneDrive\Desktop\OpenFramwork\libs\openFrameworks\math\ofMatrix4x4.h(915,11): warning C4267: 'argument': conversion from 'size_t' to 'int', possible loss of data
  (compiling source file 'src/ofApp.cpp')
  
C:\Users\vince\OneDrive\Desktop\OpenFramwork\libs\openFrameworks\math\ofMatrix4x4.h(326,20): warning C4267: 'argument': conversion from 'size_t' to 'int', possible loss of data
  (compiling source file 'src/main.cpp')
  
C:\Users\vince\OneDrive\Desktop\OpenFramwork\libs\openFrameworks\math\ofMatrix4x4.h(331,20): warning C4267: 'argument': conversion from 'size_t' to 'int', possible loss of data
  (compiling source file 'src/main.cpp')
  
C:\Users\vince\OneDrive\Desktop\OpenFramwork\libs\openFrameworks\math\ofMatrix4x4.h(912,11): warning C4267: 'argument': conversion from 'size_t' to 'int', possible loss of data
  (compiling source file 'src/main.cpp')
  
C:\Users\vince\OneDrive\Desktop\OpenFramwork\libs\openFrameworks\math\ofMatrix4x4.h(913,11): warning C4267: 'argument': conversion from 'size_t' to 'int', possible loss of data
  (compiling source file 'src/main.cpp')
  
C:\Users\vince\OneDrive\Desktop\OpenFramwork\libs\openFrameworks\math\ofMatrix4x4.h(914,11): warning C4267: 'argument': conversion from 'size_t' to 'int', possible loss of data
  (compiling source file 'src/main.cpp')
  
C:\Users\vince\OneDrive\Desktop\OpenFramwork\libs\openFrameworks\math\ofMatrix4x4.h(915,11): warning C4267: 'argument': conversion from 'size_t' to 'int', possible loss of data
  (compiling source file 'src/main.cpp')
  
C:\Users\vince\OneDrive\Desktop\OpenFramwork\apps\myApps\SortingProject\src\ofApp.cpp(155,39): warning C4267: 'argument': conversion from 'size_t' to 'int', possible loss of data
C:\Users\vince\OneDrive\Desktop\OpenFramwork\apps\myApps\SortingProject\src\ofApp.cpp(180,39): warning C4267: 'argument': conversion from 'size_t' to 'int', possible loss of data
LINK : warning LNK4075: ignoring '/INCREMENTAL' due to '/FORCE' specification
  SortingProject.vcxproj -> C:\Users\vince\OneDrive\Desktop\OpenFramwork\apps\myApps\SortingProject\bin\SortingProject_debug.exe
  
  	                   2	C:\Users\vince\OneDrive\Desktop\OpenFramwork\libs\fmod\lib\vs\x64\
  	  *EXTRA File 		 6942208	C:\Users\vince\OneDrive\Desktop\OpenFramwork\apps\myApps\SortingProject\bin\FreeImage.dll
  
  	                   1	C:\Users\vince\OneDrive\Desktop\OpenFramwork\libs\FreeImage\lib\vs\x64\
  	  *EXTRA File 		 1826304	C:\Users\vince\OneDrive\Desktop\OpenFramwork\apps\myApps\SortingProject\bin\fmod.dll
  	  *EXTRA File 		 2041856	C:\Users\vince\OneDrive\Desktop\OpenFramwork\apps\myApps\SortingProject\bin\fmodL.dll
